{
  message: 'Database Connect Successfully',
  level: 'info',
  label: 'right meow!',
  timestamp: '2023-06-04T14:07:05.401Z'
}
{
  message: 'Apllication listening on port 5000',
  level: 'info',
  label: 'right meow!',
  timestamp: '2023-06-04T14:07:05.419Z'
}
{
  message: 'Database Connect Successfully',
  level: 'info',
  label: 'right meow!',
  timestamp: '2023-06-04T14:10:10.255Z'
}
{
  message: 'Apllication listening on port 5000',
  level: 'info',
  label: 'right meow!',
  timestamp: '2023-06-04T14:10:10.261Z'
}
{
  message: 'Database Connect Successfully',
  level: 'info',
  label: 'right meow!',
  timestamp: '2023-06-04T14:11:50.440Z'
}
{
  message: 'Apllication listening on port 5000',
  level: 'info',
  label: 'right meow!',
  timestamp: '2023-06-04T14:11:50.450Z'
}
{
  message: 'Database Connect Successfully',
  level: 'info',
  label: 'right meow!',
  timestamp: '2023-06-04T14:12:08.350Z'
}
{
  message: 'Apllication listening on port 5000',
  level: 'info',
  label: 'right meow!',
  timestamp: '2023-06-04T14:12:08.356Z'
}
{
  message: 'Database Connect Successfully',
  level: 'info',
  label: 'right meow!',
  timestamp: '2023-06-04T14:15:30.347Z'
}
{
  message: 'Apllication listening on port 5000',
  level: 'info',
  label: 'right meow!',
  timestamp: '2023-06-04T14:15:30.361Z'
}
{
  message: 'Database Connect Successfully',
  level: 'info',
  label: 'right meow!',
  timestamp: '2023-06-04T14:16:21.033Z'
}
{
  message: 'Apllication listening on port 5000',
  level: 'info',
  label: 'right meow!',
  timestamp: '2023-06-04T14:16:21.049Z'
}
{
  message: 'Database Connect Successfully',
  level: 'info',
  label: 'right meow!',
  timestamp: '2023-06-04T14:20:42.976Z'
}
{
  message: 'Apllication listening on port 5000',
  level: 'info',
  label: 'right meow!',
  timestamp: '2023-06-04T14:20:42.991Z'
}
{
  message: 'Database Connect Successfully',
  level: 'info',
  label: 'right meow!',
  timestamp: '2023-06-04T14:21:42.101Z'
}
{
  message: 'Apllication listening on port 5000',
  level: 'info',
  label: 'right meow!',
  timestamp: '2023-06-04T14:21:42.110Z'
}
{
  message: 'Database Connect Successfully',
  level: 'info',
  label: 'right meow!',
  timestamp: '2023-06-04T14:25:07.745Z'
}
{
  message: 'Apllication listening on port 5000',
  level: 'info',
  label: 'right meow!',
  timestamp: '2023-06-04T14:25:07.753Z'
}
Sun Jun 04 2023 20:25:function getSeconds() { [native code] } [right meow!] info: Database Connect Successfully
Sun Jun 04 2023 20:25:function getSeconds() { [native code] } [right meow!] info: Apllication listening on port 5000
Sun Jun 04 2023 20:25:function getSeconds() { [native code] } [right meow!] info: Database Connect Successfully
Sun Jun 04 2023 20:25:function getSeconds() { [native code] } [right meow!] info: Apllication listening on port 5000
Sun Jun 04 2023 20:26:function getSeconds() { [native code] } [right meow!] info: Database Connect Successfully
Sun Jun 04 2023 20:26:function getSeconds() { [native code] } [right meow!] info: Apllication listening on port 5000
Sun Jun 04 2023 20:30:function getSeconds() { [native code] } [right meow!] info: Database Connect Successfully
Sun Jun 04 2023 20:30:function getSeconds() { [native code] } [right meow!] info: Apllication listening on port 5000
Sun Jun 04 2023 20:32:function getSeconds() { [native code] } [right meow!] info: Database Connect Successfully
Sun Jun 04 2023 20:32:function getSeconds() { [native code] } [right meow!] info: Apllication listening on port 5000
Sun Jun 04 2023 20:37:function getSeconds() { [native code] } [right meow!] info: Database Connect Successfully
Sun Jun 04 2023 20:37:function getSeconds() { [native code] } [right meow!] info: Apllication listening on port 5000
Sun Jun 04 2023 20:44:function getSeconds() { [native code] } [right meow!] info: Database Connect Successfully
Sun Jun 04 2023 20:44:function getSeconds() { [native code] } [right meow!] info: Apllication listening on port 5000
Sun Jun 04 2023 20:48:function getSeconds() { [native code] } [right meow!] info: Database Connect Successfully
Sun Jun 04 2023 20:48:function getSeconds() { [native code] } [right meow!] info: Apllication listening on port 5000
Sun Jun 04 2023 20:51:function getSeconds() { [native code] } [right meow!] info: Database Connect Successfully
Sun Jun 04 2023 20:51:function getSeconds() { [native code] } [right meow!] info: Apllication listening on port 5000
Sun Jun 04 2023 20:53:function getSeconds() { [native code] } [right meow!] info: Database Connect Successfully
Sun Jun 04 2023 20:53:function getSeconds() { [native code] } [right meow!] info: Apllication listening on port 5000
Sun Jun 04 2023 20:54:function getSeconds() { [native code] } [right meow!] info: Database Connect Successfully
Sun Jun 04 2023 20:54:function getSeconds() { [native code] } [right meow!] info: Apllication listening on port 5000
Sun Jun 04 2023 20:56:function getSeconds() { [native code] } [right meow!] info: Database Connect Successfully
Sun Jun 04 2023 20:56:function getSeconds() { [native code] } [right meow!] info: Apllication listening on port 5000
Sun Jun 04 2023 20:56:function getSeconds() { [native code] } [right meow!] info: Database Connect Successfully
Sun Jun 04 2023 20:56:function getSeconds() { [native code] } [right meow!] info: Apllication listening on port 5000
